{"level":"info","message":"skarks2.html called"}
{"level":"info","message":"skarks2.html called"}
{"level":"info","message":"skarks2.html called"}
{"level":"info","message":"skarks2.html called"}
{"level":"info","message":"skarks2.html called"}
{"level":"info","message":"skarks2.html called"}
{"level":"info","message":"skarks2.html called"}
{"level":"info","message":"skarks2.html called"}
{"level":"info","message":"skarks2.html called"}
{"level":"info","message":">>>>>>>  skarks2.html called"}
{"level":"info","message":">>>>>>>  skarks2.html called"}
{"level":"info","message":">>>>>>>  skarks2.html called"}
{"level":"info","message":">>>>>>>  skarks2.html called"}
{"level":"info","message":">>>>>>>  skarks2.html called -- New Image B Test"}
{"level":"info","message":">>>>>>>  skarks2.html called -- New Image B Test"}
{"level":"info","message":">>>>>>>  skarks2.html called -- New Image B Test"}
{"level":"info","message":">>>>>>>  skarks2.html called -- New Image B Test"}
{"label":"category one","level":"info","message":">>>>>>>  skarks2.html called -- New Image B Test"}
{"label":"Local Test","level":"info","message":">>>>>>>  skarks2.html called -- New Image B Test"}
{"label":"Local Test","level":"info","message":">>>>>>>  skarks2.html called -- New Image B Test"}
{"label":"Local Test","level":"info","message":">>>>>>>  skarks2.html called -- New Image B Test"}
{"label":"Local Test","level":"info","message":">>>>>>>  skarks2.html called -- New Image B Test"}
{"label":"Local Test","level":"info","message":">>>>>>>  skarks2.html called -- New Image B Test"}
{"label":"Local Test","level":"info","message":">>>>>>>  skarks2.html called -- New Image B Test"}
{"label":"Local Test","level":"info","message":">>>>>>>  skarks2.html called -- New Image B Test"}
{"label":"Local Test","level":"info","message":">>>>>>>  skarks2.html called -- New Image B Test"}
{"label":"Local Test","level":"info","message":">>>>>>>  skarks2.html called -- New Image B Test"}
{"label":"Local Test","level":"info","message":">>>>>>>  skarks2.html called -- New Image B Test"}
{"label":"Local Test","level":"info","message":">>>>>>>  skarks2.html called -- New Image B Test"}
{"label":"Local Test","level":"info","message":">>>>>>>  skarks2.html called -- New Image B Test"}
{"label":"Local Test","level":"info","message":">>>>>>>  skarks2.html called -- New Image B Test"}
{"label":"Local Test","level":"info","message":">>>>>>>  skarks2.html called -- New Image B Test"}
{"label":"Local Test","level":"info","message":">>>>>>>  skarks2.html called -- New Image B Test"}
{"label":"Local Test","level":"info","message":">>>>>>>  skarks2.html called -- New Image B Test"}
{"label":"Local Test","level":"info","message":">>>>>>>  skarks2.html called -- New Image B Test"}
{"label":"Local Test","level":"info","message":">>>>>>>  skarks2.html called -- New Image B Test"}
{"label":"Local Test","level":"info","message":">>>>>>>  skarks2.html called -- New Image B Test"}
{"label":"Local Test","level":"info","message":">>>>>>>  skarks2.html called -- New Image B Test"}
{"label":"Local Test","level":"info","message":">>>>>>>  skarks2.html called -- New Image B Test"}
{"label":"Local Test","level":"info","message":">>>>>>>  skarks2.html called -- New Image B Test"}
{"label":"Local Test","level":"info","message":">>>>>>>  skarks2.html called -- New Image B Test"}
{"label":"Local Test","level":"info","message":">>>>>>>  skarks2.html called -- New Image B Test"}
{"label":"Local Test","level":"info","message":">>>>>>>  skarks2.html called -- New Image B Test"}
{"label":"Local Test","level":"info","message":">>>>>>>  skarks2.html called -- New Image B Test"}
{"label":"Local Test","level":"info","message":">>>>>>>  skarks2.html called -- New Image B Test"}
{"label":"Local Test","level":"info","message":">>>>>>>  skarks2.html called -- New Image B Test"}
{"label":"Local Test","level":"info","message":">>>>>>>  skarks2.html called -- New Image B Test"}
{"label":"Local Test","level":"info","message":">>>>>>>  skarks2.html called -- New Image B Test"}
{"label":"Local Test","level":"info","message":">>>>>>>  skarks2.html called -- New Image B Test"}
{"label":"Local Test","level":"info","message":">>>>>>>  skarks2.html called -- New Image B Test"}
{"label":"Local Test","level":"info","message":">>>>>>>  skarks2.html called -- New Image B Test"}
{"label":"Local Test","level":"info","message":">>>>>>>  skarks2.html called -- New Image B Test"}
{"label":"Local Test","level":"info","message":">>>>>>>  skarks2.html called -- New Image B Test"}
{"label":"Local Test","level":"info","message":">>>>>>>  skarks2.html called -- New Image B Test"}
{"label":"Local Test","level":"info","message":">>>>>>>  skarks2.html called -- New Image B Test"}
{"label":"Local Test","level":"info","message":">>>>>>>  skarks2.html called -- New Image B Test"}
{"label":"Local Test","level":"info","message":">>>>>>>  skarks2.html called -- New Image B Test"}
{"label":"Local Test","level":"info","message":">>>>>>>  skarks2.html called -- New Image B Test"}
{"label":"Local Test","level":"info","message":">>>>>>>  skarks2.html called -- New Image B Test"}
{"label":"Local Test","level":"info","message":">>>>>>>  skarks2.html called -- New Image B Test"}
{"label":"Local Test","level":"info","message":">>>>>>>  skarks2.html called -- New Image B Test"}
{"label":"Local Test","level":"info","message":">>>>>>>  skarks2.html called -- New Image B Test"}
{"label":"Local Test","level":"info","message":">>>>>>>  skarks2.html called -- New Image B Test"}
{"label":"Local Test","level":"info","message":">>>>>>>  skarks2.html called -- New Image B Test"}
{"label":"Local Test","level":"info","message":">>>>>>>  skarks2.html called -- New Image B Test"}
{"label":"Local Test","level":"info","message":">>>>>>>  skarks2.html called -- New Image B Test"}
{"label":"Local Test","level":"info","message":">>>>>>>  skarks2.html called -- New Image B Test"}
{"label":"Local Test","level":"info","message":">>>>>>>  skarks2.html called -- New Image B Test"}
{"label":"Local Test","level":"info","message":">>>>>>>  skarks2.html called -- New Image B Test"}
{"label":"Local Test","level":"info","message":">>>>>>>  skarks2.html called -- New Image B Test"}
{"label":"Local Test","level":"info","message":">>>>>>>  skarks2.html called -- New Image B Test"}
{"label":"Local Test","level":"info","message":">>>>>>>  skarks2.html called -- New Image B Test"}
{"label":"Local Test","level":"info","message":">>>>>>>  skarks2.html called -- New Image B Test"}
{"label":"Local Test","level":"info","message":">>>>>>>  skarks2.html called -- New Image B Test"}
{"label":"Local Test","level":"info","message":">>>>>>>  skarks2.html called -- New Image B Test"}
{"label":"Local Test","level":"info","message":">>>>>>>  skarks2.html called -- New Image B Test"}
{"label":"Local Test","level":"info","message":">>>>>>>  skarks2.html called -- New Image B Test"}
{"label":"Local Test","level":"info","message":">>>>>>>  skarks2.html called -- New Image B Test"}
{"label":"Local Test","level":"info","message":">>>>>>>  skarks2.html called -- New Image B Test"}
{"label":"Local Test","level":"info","message":">>>>>>>  skarks2.html called -- New Image B Test"}
{"label":"Local Test","level":"info","message":">>>>>>>  skarks2.html called -- New Image B Test"}
{"label":"Local Test","level":"info","message":">>>>>>>  skarks2.html called -- New Image B Test"}
{"label":"Local Test","level":"info","message":">>>>>>>  skarks2.html called -- New Image B Test"}
{"label":"Local Test","level":"info","message":">>>>>>>  skarks2.html called -- New Image B Test"}
{"label":"Local Test","level":"info","message":">>>>>>>  skarks2.html called -- New Image B Test"}
{"label":"Local Test","level":"info","message":">>>>>>>  skarks2.html called -- New Image B Test"}
{"label":"Local Test","level":"info","message":">>>>>>>  skarks2.html called -- New Image B Test"}
{"label":"Local Test","level":"info","message":">>>>>>>  skarks2.html called -- New Image B Test"}
{"label":"Local Test","level":"info","message":">>>>>>>  skarks2.html called -- New Image B Test"}
{"label":"Local Test","level":"info","message":">>>>>>>  skarks2.html called -- New Image B Test"}
{"label":"Local Test","level":"info","message":">>>>>>>  skarks2.html called -- New Image B Test"}
{"label":"Local Test","level":"info","message":">>>>>>>  skarks2.html called -- New Image B Test"}
{"label":"Local Test","level":"info","message":">>>>>>>  skarks2.html called -- New Image B Test"}
{"label":"Local Test","level":"info","message":">>>>>>>  skarks2.html called -- New Image B Test"}
{"label":"Local Test","level":"info","message":">>>>>>>  skarks2.html called -- New Image B Test"}
{"label":"Local Test","level":"info","message":">>>>>>>  skarks2.html called -- New Image B Test"}
{"label":"Local Test","level":"info","message":">>>>>>>  skarks2.html called -- New Image B Test"}
{"label":"Local Test","level":"info","message":">>>>>>>  skarks2.html called -- New Image B Test"}
{"label":"Local Test","level":"info","message":">>>>>>>  skarks2.html called -- New Image B Test"}
{"label":"Local Test","level":"info","message":">>>>>>>  skarks2.html called -- New Image B Test"}
{"label":"Local Test","level":"info","message":">>>>>>>  skarks2.html called -- New Image B Test"}
{"label":"Local Test","level":"info","message":">>>>>>>  skarks2.html called -- New Image B Test"}
{"label":"Local Test","level":"info","message":">>>>>>>  skarks2.html called -- New Image B Test"}
{"label":"Local Test","level":"info","message":">>>>>>>  skarks2.html called -- New Image B Test"}
{"label":"Local Test","level":"info","message":">>>>>>>  skarks2.html called -- New Image B Test"}
{"label":"Local Test","level":"info","message":">>>>>>>  skarks2.html called -- New Image B Test"}
{"label":"Local Test","level":"info","message":">>>>>>>  skarks2.html called -- New Image B Test"}
{"label":"Local Test","level":"info","message":">>>>>>>  skarks2.html called -- New Image B Test"}
{"label":"Local Test","level":"info","message":">>>>>>>  skarks2.html called -- New Image B Test"}
{"label":"Local Test","level":"info","message":">>>>>>>  skarks2.html called -- New Image B Test"}
{"label":"Local Test","level":"info","message":">>>>>>>  skarks2.html called -- New Image B Test"}
{"label":"Local Test","level":"info","message":">>>>>>>  skarks2.html called -- New Image B Test"}
{"label":"Local Test","level":"info","message":">>>>>>>  skarks2.html called -- New Image B Test"}
{"label":"Local Test","level":"info","message":">>>>>>>  skarks2.html called -- New Image B Test"}
{"label":"Local Test","level":"info","message":">>>>>>>  skarks2.html called -- New Image B Test"}
{"label":"Local Test","level":"info","message":">>>>>>>  skarks2.html called -- New Image B Test"}
{"label":"Local Test","level":"info","message":">>>>>>>  skarks2.html called -- New Image B Test"}
{"label":"Local Test","level":"info","message":">>>>>>>  skarks2.html called -- New Image B Test"}
{"label":"Local Test","level":"info","message":">>>>>>>  skarks2.html called -- New Image B Test"}
{"label":"Local Test","level":"info","message":">>>>>>>  skarks2.html called -- New Image B Test"}
{"label":"Local Test","level":"info","message":">>>>>>>  skarks2.html called -- New Image B Test"}
{"label":"Local Test","level":"info","message":">>>>>>>  skarks2.html called -- New Image B Test"}
{"label":"Local Test","level":"info","message":">>>>>>>  skarks2.html called -- New Image B Test"}
{"label":"Local Test","level":"info","message":">>>>>>>  skarks2.html called -- New Image B Test"}
{"label":"Local Test","level":"info","message":">>>>>>>  skarks2.html called -- New Image B Test"}
{"label":"Local Test","level":"info","message":">>>>>>>  skarks2.html called -- New Image B Test"}
{"label":"Local Test","level":"info","message":">>>>>>>  skarks2.html called -- New Image B Test"}
{"label":"Local Test","level":"info","message":">>>>>>>  skarks2.html called -- New Image B Test"}
{"label":"Local Test","level":"info","message":">>>>>>>  skarks2.html called -- New Image B Test"}
{"label":"Local Test","level":"info","message":">>>>>>>  skarks2.html called -- New Image B Test"}
{"label":"Local Test","level":"info","message":">>>>>>>  skarks2.html called -- New Image B Test"}
{"label":"Local Test","level":"info","message":">>>>>>>  skarks2.html called -- New Image B Test"}
{"label":"Local Test","level":"info","message":">>>>>>>  skarks2.html called -- New Image B Test"}
{"label":"Local Test","level":"info","message":">>>>>>>  skarks2.html called -- New Image B Test"}
{"label":"Local Test","level":"info","message":">>>>>>>  skarks2.html called -- New Image B Test"}
{"label":"Local Test","level":"info","message":">>>>>>>  skarks2.html called -- New Image B Test"}
{"label":"Local Test","level":"info","message":">>>>>>>  skarks2.html called -- New Image B Test"}
{"label":"Local Test","level":"info","message":">>>>>>>  skarks2.html called -- New Image B Test"}
{"label":"Local Test","level":"info","message":">>>>>>>  skarks2.html called -- New Image B Test"}
{"label":"Local Test","level":"info","message":">>>>>>>  skarks2.html called -- New Image B Test"}
{"label":"Local Test","level":"info","message":">>>>>>>  skarks2.html called -- New Image B Test"}
{"label":"Local Test","level":"info","message":">>>>>>>  skarks2.html called -- New Image B Test"}
{"label":"Local Test","level":"info","message":">>>>>>>  skarks2.html called -- New Image B Test"}
{"label":"Local Test","level":"info","message":">>>>>>>  skarks2.html called -- New Image B Test"}
{"label":"Local Test","level":"info","message":">>>>>>>  skarks2.html called -- New Image B Test"}
{"label":"Local Test","level":"info","message":">>>>>>>  skarks2.html called -- New Image B Test"}
{"label":"Local Test","level":"info","message":">>>>>>>  skarks2.html called -- New Image B Test"}
{"label":"Local Test","level":"info","message":">>>>>>>  skarks2.html called -- New Image B Test"}
{"label":"Local Test","level":"info","message":">>>>>>>  skarks2.html called -- New Image B Test"}
{"label":"Local Test","level":"info","message":">>>>>>>  skarks2.html called -- New Image B Test"}
{"label":"Local Test","level":"info","message":">>>>>>>  skarks2.html called -- New Image B Test"}
